<?xml version="1.0" encoding="UTF-8"?>
<testsuite name="com.Youtube.runner.RunnerYoutube" tests="1" skipped="0" failures="0" errors="0" timestamp="2023-12-06T05:39:21" hostname="DESKTOP-BB5F5OF" time="53.932">
  <properties/>
  <testcase name="Reproducir aleatoriamente una canción" classname="com.Youtube.runner.RunnerYoutube" time="53.932"/>
  <system-out><![CDATA[0 : Citrix Demo Series: Citrix HDX Plus for Windows 365 Device Posture Check
1 : The Click-Down S3 Ep4: Citrix Resiliency
2 : Entregue una mejor experiencia con el servicio Citrix Virtual Apps and Desktops.
3 : HAZ POSIBLE EL TRABAJO DESDE LA CASA CON CITRIX
4 : Aprende todo sobre Citrix Workspace
5 : #TresPreguntas sobre Citrix Workspace
6 : Bienvenido a Citrix Workspace
7 : Instalación Completa Citrix XenServer VIRTUALIZACIÓN | Montar una maquina virtual
8 : Seminario Técnico Citrix Virtualización
9 : Bloque de Apartamentos ?? Los Sims 4 Se Alquila ~ Speed build
10 : PRECAUCIÓN! Sony está BANEANDO CUENTAS indiscriminadamente! CUIDADO CHAVALES!!
11 : Steam Link Vs Air Link Vs Virtual Desktop. Comparativa.
12 : Porqué estoy comprando acciones de Cisco? ? Análisis de las acciones de CSCO | Valor Intrínseco
13 : What is Citrix & How it Works | Introduction to Citrix
14 : Capacítate con Citrix y Licencias OnLine: Workshop de Citrix Workspace
15 : Qué es Citrix Hypervisor y cuáles son sus características más relevantes
16 : Configuración de Citrix en Windows
17 : Citrix Workspace
18 : Citrix Virtual Apps & Desktops Administration with Lab Practical's | Complete Training in 2 Hours|
19 : Vídeo de demostración de la aplicación Citrix Workspace
20 : Citrix El Futuro es Ahora!
21 : Fundamentos de Microsoft Azure en español - Preparación AZ-900
22 : VMware TUTORIAL completo (Crear máquinas virtuales) // Español 2023
23 : Full Keynote: Satya Nadella at Microsoft Ignite 2023
24 : Citrix Features Explained: Citrix Workspace
25 : Citrix Features Explained: Citrix Federated Authentication Service (FAS)
26 : Citrix Workspace: solución de espacio de trabajo inteligente
0 : Citrix Demo Series: Citrix HDX Plus for Windows 365 Device Posture Check
1 : The Click-Down S3 Ep4: Citrix Resiliency
2 : Entregue una mejor experiencia con el servicio Citrix Virtual Apps and Desktops.
3 : HAZ POSIBLE EL TRABAJO DESDE LA CASA CON CITRIX
4 : Aprende todo sobre Citrix Workspace
5 : #TresPreguntas sobre Citrix Workspace
6 : Bienvenido a Citrix Workspace
7 : Instalación Completa Citrix XenServer VIRTUALIZACIÓN | Montar una maquina virtual
8 : Seminario Técnico Citrix Virtualización
9 : What is Citrix & How it Works | Introduction to Citrix
10 : Capacítate con Citrix y Licencias OnLine: Workshop de Citrix Workspace
11 : Qué es Citrix Hypervisor y cuáles son sus características más relevantes
12 : Configuración de Citrix en Windows
13 : Citrix Workspace
14 : Citrix Virtual Apps & Desktops Administration with Lab Practical's | Complete Training in 2 Hours|
15 : Vídeo de demostración de la aplicación Citrix Workspace
16 : Citrix El Futuro es Ahora!
17 : Citrix Features Explained: Citrix Workspace
18 : Citrix Features Explained: Citrix Federated Authentication Service (FAS)
19 : Citrix Workspace: solución de espacio de trabajo inteligente
NombreCancionlista: Qué es Citrix Hypervisor y cuáles son sus características más relevantes
Reproductor: Qué es Citrix Hypervisor y cuáles son sus características más relevantes
]]></system-out>
  <system-err><![CDATA[dic. 06, 2023 12:39:25 A. M. org.openqa.selenium.remote.RemoteWebDriver checkNonW3CCapabilities
WARNING: Support for Legacy Capabilities is deprecated; You are sending the following invalid capabilities: [prefs]; Please update to W3C Syntax: https://www.selenium.dev/blog/2022/legacy-protocol-support/
Starting Microsoft Edge WebDriver 119.0.2151.97 (42f50dec8b7a97d2cd39634128418ccfb4ef77b8) on port 7490
To submit feedback, report a bug, or suggest new features, please visit https://github.com/MicrosoftEdge/EdgeWebDriver

Only local connections are allowed.
Please see https://aka.ms/WebDriverSecurity for suggestions on keeping Microsoft Edge WebDriver safe.

Microsoft Edge WebDriver was started successfully.
dic. 06, 2023 12:39:31 A. M. org.openqa.selenium.remote.ProtocolHandshake createSession
WARNING: Support for Legacy Capabilities is deprecated; You are sending the following invalid capabilities: [prefs]; Please update to W3C Syntax: https://www.selenium.dev/blog/2022/legacy-protocol-support/
dic. 06, 2023 12:39:31 A. M. org.openqa.selenium.devtools.CdpVersionFinder findNearestMatch
WARNING: Unable to find CDP implementation matching 119
dic. 06, 2023 12:39:31 A. M. org.openqa.selenium.chromium.ChromiumDriver lambda$new$3
WARNING: Unable to find version of CDP to use for . You may need to include a dependency on a specific version of the CDP using something similar to `org.seleniumhq.selenium:selenium-devtools-v86:4.7.1` where the version ("v86") matches the version of the chromium-based browser you're using and the version number of the artifact is the same as Selenium's.
?[32m?[1m??????????????????????????????????????????????????????????????????????????????????????[0m
?[32m?[1m??[0m Share your Cucumber Report with your team at ?[36m?[1m?[4mhttps://reports.cucumber.io?[0m          ?[32m?[1m??[0m
?[32m?[1m??[0m Activate publishing with one of the following:                                    ?[32m?[1m??[0m
?[32m?[1m??[0m                                                                                   ?[32m?[1m??[0m
?[32m?[1m??[0m src/test/resources/cucumber.properties:          ?[36mcucumber.publish.enabled?[0m=?[36mtrue?[0m    ?[32m?[1m??[0m
?[32m?[1m??[0m src/test/resources/junit-platform.properties:    ?[36mcucumber.publish.enabled?[0m=?[36mtrue?[0m    ?[32m?[1m??[0m
?[32m?[1m??[0m Environment variable:                            ?[36mCUCUMBER_PUBLISH_ENABLED?[0m=?[36mtrue?[0m    ?[32m?[1m??[0m
?[32m?[1m??[0m JUnit:                                           ?[36m@CucumberOptions?[0m(publish = ?[36mtrue?[0m) ?[32m?[1m??[0m
?[32m?[1m??[0m                                                                                   ?[32m?[1m??[0m
?[32m?[1m??[0m More information at ?[36mhttps://cucumber.io/docs/cucumber/environment-variables/?[0m      ?[32m?[1m??[0m
?[32m?[1m??[0m                                                                                   ?[32m?[1m??[0m
?[32m?[1m??[0m Disable this message with one of the following:                                   ?[32m?[1m??[0m
?[32m?[1m??[0m                                                                                   ?[32m?[1m??[0m
?[32m?[1m??[0m src/test/resources/cucumber.properties:          ?[36mcucumber.publish.quiet?[0m=?[36mtrue?[0m      ?[32m?[1m??[0m
?[32m?[1m??[0m src/test/resources/junit-platform.properties:    ?[36mcucumber.publish.quiet?[0m=?[36mtrue?[0m      ?[32m?[1m??[0m
?[32m?[1m??????????????????????????????????????????????????????????????????????????????????????[0m
]]></system-err>
</testsuite>
